SF:lib/styles/text_styles.dart
DA:5,4
DA:6,2
DA:7,12
DA:9,0
DA:11,0
DA:15,0
DA:16,0
DA:17,0
DA:18,0
DA:19,0
LF:10
LH:3
end_of_record
SF:lib/utils/exception.dart
DA:6,3
LF:1
LH:1
end_of_record
SF:lib/utils/failure.dart
DA:6,16
DA:8,2
DA:9,4
DA:13,32
DA:17,4
DA:21,6
DA:25,0
LF:7
LH:6
end_of_record
SF:lib/utils/state_enum.dart
DA:1,51
LF:1
LH:1
end_of_record
SF:lib/utils/utils.dart
DA:3,0
LF:1
LH:0
end_of_record
SF:lib/data/datasources/db/database_helper.dart
DA:10,0
DA:14,0
DA:18,0
DA:19,0
DA:26,0
DA:27,0
DA:28,0
DA:30,0
DA:34,0
DA:35,0
DA:42,0
DA:43,0
DA:50,0
DA:53,0
DA:54,0
DA:55,0
DA:58,0
DA:59,0
DA:60,0
DA:63,0
DA:67,0
DA:68,0
DA:69,0
DA:72,0
DA:75,0
DA:76,0
DA:82,0
DA:83,0
DA:84,0
DA:90,0
DA:91,0
DA:92,0
DA:93,0
DA:96,0
DA:97,0
DA:98,0
DA:102,0
DA:103,0
DA:104,0
DA:107,0
DA:110,0
DA:111,0
DA:117,0
DA:118,0
DA:120,0
LF:45
LH:0
end_of_record
SF:lib/data/datasources/movie_local_data_source.dart
DA:18,1
DA:21,1
DA:23,3
DA:26,2
DA:31,1
DA:33,3
DA:36,2
DA:41,1
DA:42,3
DA:44,1
DA:51,1
DA:52,3
DA:53,4
LF:13
LH:13
end_of_record
SF:lib/data/datasources/movie_remote_data_source.dart
DA:24,1
DA:27,1
DA:29,5
DA:31,2
DA:32,4
DA:34,1
DA:39,1
DA:41,5
DA:43,2
DA:44,3
DA:46,1
DA:51,1
DA:52,2
DA:53,3
DA:55,2
DA:56,4
DA:58,1
DA:63,1
DA:65,5
DA:67,2
DA:68,4
DA:70,1
DA:75,1
DA:77,5
DA:79,2
DA:80,4
DA:82,1
DA:87,1
DA:88,2
DA:89,3
DA:91,2
DA:92,4
DA:94,1
LF:33
LH:33
end_of_record
SF:lib/data/datasources/tv_series_local_data_source.dart
DA:18,1
DA:21,1
DA:26,3
DA:29,2
DA:34,1
DA:37,3
DA:39,1
DA:46,1
DA:49,3
DA:50,4
DA:54,1
DA:59,3
DA:62,2
LF:13
LH:13
end_of_record
SF:lib/data/datasources/tv_series_remote_data_source.dart
DA:22,1
DA:25,1
DA:27,5
DA:28,2
DA:29,3
DA:30,1
DA:32,1
DA:37,1
DA:39,5
DA:40,2
DA:41,3
DA:42,1
DA:44,1
DA:49,1
DA:51,5
DA:52,2
DA:53,3
DA:55,1
DA:60,0
DA:61,0
DA:62,0
DA:63,0
DA:64,0
DA:65,0
DA:67,0
DA:72,1
DA:73,2
DA:74,3
DA:75,2
DA:76,3
DA:77,1
DA:79,1
DA:84,1
DA:86,5
DA:88,2
DA:89,3
DA:90,1
DA:92,1
LF:38
LH:31
end_of_record
SF:lib/data/models/movie_model/genre_model.dart
DA:7,4
DA:15,4
DA:16,2
DA:17,2
DA:20,0
DA:21,0
DA:22,0
DA:25,2
DA:26,6
DA:29,2
DA:30,6
LF:11
LH:8
end_of_record
SF:lib/data/models/movie_model/movie_detail_model.dart
DA:7,2
DA:53,1
DA:54,1
DA:55,1
DA:56,1
DA:57,1
DA:58,1
DA:59,4
DA:60,1
DA:61,1
DA:62,1
DA:63,1
DA:64,1
DA:65,1
DA:66,2
DA:67,1
DA:68,1
DA:69,1
DA:70,1
DA:71,1
DA:72,1
DA:73,1
DA:74,1
DA:75,2
DA:76,1
DA:79,0
DA:80,0
DA:81,0
DA:82,0
DA:83,0
DA:84,0
DA:85,0
DA:86,0
DA:87,0
DA:88,0
DA:89,0
DA:90,0
DA:91,0
DA:92,0
DA:93,0
DA:94,0
DA:95,0
DA:96,0
DA:97,0
DA:98,0
DA:99,0
DA:100,0
DA:103,1
DA:104,1
DA:105,1
DA:106,1
DA:107,5
DA:108,1
DA:109,1
DA:110,1
DA:111,1
DA:112,1
DA:113,1
DA:114,1
DA:115,1
DA:116,1
DA:120,1
DA:121,1
DA:122,1
DA:123,1
DA:124,1
DA:125,1
DA:126,1
DA:127,1
DA:128,1
DA:129,1
DA:130,1
DA:131,1
DA:132,1
DA:133,1
DA:134,1
DA:135,1
DA:136,1
DA:137,1
DA:138,1
DA:139,1
DA:140,1
DA:141,1
DA:142,1
LF:84
LH:62
end_of_record
SF:lib/data/models/movie_model/movie_model.dart
DA:6,5
DA:36,4
DA:37,2
DA:38,2
DA:39,8
DA:40,2
DA:41,2
DA:42,2
DA:43,4
DA:44,2
DA:45,2
DA:46,2
DA:47,2
DA:48,4
DA:49,2
DA:52,2
DA:53,1
DA:54,1
DA:55,4
DA:56,1
DA:57,1
DA:58,1
DA:59,1
DA:60,1
DA:61,1
DA:62,1
DA:63,1
DA:64,1
DA:65,1
DA:68,2
DA:69,2
DA:70,2
DA:71,2
DA:72,2
DA:73,2
DA:74,2
DA:75,2
DA:76,2
DA:77,2
DA:78,2
DA:79,2
DA:80,2
DA:81,2
DA:82,2
DA:86,2
DA:87,2
DA:88,2
DA:89,2
DA:90,2
DA:91,2
DA:92,2
DA:93,2
DA:94,2
DA:95,2
DA:96,2
DA:97,2
DA:98,2
DA:99,2
DA:100,2
LF:59
LH:59
end_of_record
SF:lib/data/models/movie_model/movie_response.dart
DA:8,3
DA:10,4
DA:11,4
DA:12,6
DA:13,6
DA:16,2
DA:17,5
DA:20,1
DA:21,2
LF:9
LH:9
end_of_record
SF:lib/data/models/movie_model/movie_table.dart
DA:12,32
DA:19,2
DA:20,1
DA:21,1
DA:22,1
DA:23,1
DA:26,2
DA:27,1
DA:28,1
DA:29,1
DA:30,1
DA:33,0
DA:34,0
DA:35,0
DA:36,0
DA:37,0
DA:40,2
DA:41,1
DA:42,1
DA:43,1
DA:44,1
DA:47,2
DA:48,10
LF:23
LH:18
end_of_record
SF:lib/data/models/tv_series_model/tv_series_data_table.dart
DA:12,31
DA:19,1
DA:20,1
DA:21,1
DA:22,1
DA:23,1
DA:24,1
DA:27,0
DA:28,0
DA:29,0
DA:30,0
DA:31,0
DA:32,0
DA:35,0
DA:36,0
DA:37,0
DA:38,0
DA:39,0
DA:42,2
DA:43,1
DA:44,1
DA:45,1
DA:46,1
DA:49,1
DA:50,5
LF:25
LH:14
end_of_record
SF:lib/data/models/tv_series_model/tv_series_detail_model.dart
DA:25,2
DA:44,1
DA:45,1
DA:46,1
DA:47,1
DA:48,4
DA:49,1
DA:50,4
DA:51,1
DA:52,1
DA:53,1
DA:54,1
DA:55,1
DA:56,1
DA:57,1
DA:58,2
DA:59,1
DA:60,1
DA:61,1
DA:62,2
DA:63,1
DA:65,0
DA:66,0
DA:67,0
DA:68,0
DA:69,0
DA:70,0
DA:71,0
DA:72,0
DA:73,0
DA:74,0
DA:75,0
DA:76,0
DA:77,0
DA:78,0
DA:79,0
DA:80,0
DA:81,0
DA:82,0
DA:85,1
DA:86,1
DA:87,1
DA:88,1
DA:89,4
DA:90,5
DA:91,1
DA:92,1
DA:93,1
DA:94,1
DA:95,1
DA:96,1
DA:97,1
DA:98,1
DA:99,1
DA:100,1
DA:101,1
DA:102,1
DA:103,1
DA:107,1
DA:108,1
DA:109,1
DA:110,1
DA:111,1
DA:112,1
DA:113,1
DA:114,1
DA:115,1
DA:116,1
DA:117,1
DA:118,1
DA:119,1
DA:120,1
DA:121,1
DA:122,1
DA:123,1
DA:128,0
DA:152,0
DA:153,0
DA:155,0
DA:156,0
DA:157,0
DA:158,0
DA:159,0
DA:160,0
DA:161,0
DA:162,0
DA:163,0
DA:164,0
DA:167,0
DA:168,0
DA:169,0
DA:170,0
DA:171,0
DA:172,0
DA:173,0
DA:174,0
DA:175,0
DA:176,0
DA:177,0
DA:178,0
DA:183,0
DA:195,0
DA:196,0
DA:197,0
DA:198,0
DA:199,0
DA:202,0
DA:203,0
DA:204,0
DA:205,0
DA:206,0
DA:207,0
LF:112
LH:57
end_of_record
SF:lib/data/models/tv_series_model/tv_series_model.dart
DA:20,3
DA:36,2
DA:37,1
DA:38,1
DA:39,4
DA:40,1
DA:41,1
DA:42,4
DA:43,1
DA:44,1
DA:45,1
DA:46,2
DA:47,1
DA:48,2
DA:49,1
DA:52,0
DA:53,0
DA:54,0
DA:55,0
DA:56,0
DA:57,0
DA:58,0
DA:59,0
DA:60,0
DA:61,0
DA:62,0
DA:63,0
DA:64,0
DA:65,0
DA:68,2
DA:69,2
DA:70,2
DA:71,2
DA:72,2
DA:73,2
DA:74,2
DA:75,2
DA:76,2
DA:77,2
DA:78,2
DA:79,2
DA:80,2
DA:81,2
DA:82,2
DA:86,1
DA:87,1
DA:88,1
DA:89,1
DA:90,1
DA:91,1
DA:92,1
DA:93,1
DA:94,1
DA:95,1
DA:96,1
DA:97,1
DA:98,1
DA:99,1
DA:100,1
LF:59
LH:45
end_of_record
SF:lib/data/models/tv_series_model/tv_series_response.dart
DA:8,1
DA:10,1
DA:11,1
DA:12,2
DA:13,3
DA:14,3
DA:16,0
DA:17,0
DA:20,0
DA:21,0
LF:10
LH:6
end_of_record
SF:lib/data/repositories/movie_repository_impl.dart
DA:10,1
DA:16,1
DA:18,3
DA:19,5
DA:20,1
DA:21,2
DA:22,1
DA:23,2
DA:24,0
DA:25,0
DA:30,1
DA:32,3
DA:33,2
DA:34,1
DA:35,2
DA:36,1
DA:37,2
DA:38,0
DA:39,0
DA:44,1
DA:46,3
DA:47,3
DA:48,1
DA:49,2
DA:50,1
DA:51,2
DA:52,0
DA:53,0
DA:58,1
DA:60,3
DA:61,5
DA:62,1
DA:63,2
DA:64,1
DA:65,2
DA:66,0
DA:67,0
DA:72,1
DA:74,3
DA:75,5
DA:76,1
DA:77,2
DA:78,1
DA:79,2
DA:80,0
DA:81,0
DA:86,1
DA:88,3
DA:89,5
DA:90,1
DA:91,2
DA:92,1
DA:93,2
DA:94,0
DA:95,0
DA:100,1
DA:103,4
DA:104,1
DA:105,1
DA:106,3
DA:113,1
DA:116,4
DA:117,1
DA:118,1
DA:119,3
DA:124,1
DA:125,3
DA:130,1
DA:131,3
DA:132,5
LF:70
LH:58
end_of_record
SF:lib/data/repositories/tv_series_repository_impl.dart
DA:10,1
DA:13,1
DA:14,3
DA:19,0
DA:22,0
DA:23,0
DA:24,0
DA:25,0
DA:26,0
DA:31,1
DA:33,3
DA:34,5
DA:35,1
DA:36,2
DA:37,1
DA:38,2
DA:39,0
DA:40,0
DA:45,1
DA:47,3
DA:48,5
DA:49,1
DA:50,2
DA:51,1
DA:52,2
DA:53,0
DA:54,0
DA:59,1
DA:61,3
DA:62,2
DA:63,1
DA:64,2
DA:65,1
DA:66,2
DA:67,0
DA:68,0
DA:73,1
DA:75,3
DA:76,3
DA:77,1
DA:78,2
DA:79,1
DA:80,2
DA:81,0
DA:82,0
DA:87,1
DA:88,3
DA:89,5
DA:93,0
DA:96,0
DA:97,0
DA:98,0
DA:99,0
DA:100,0
DA:107,1
DA:109,3
DA:110,5
DA:111,1
DA:112,2
DA:113,1
DA:114,2
DA:115,0
DA:116,0
DA:121,1
DA:123,3
DA:124,5
DA:125,1
DA:126,2
DA:127,1
DA:128,2
DA:129,0
DA:130,0
LF:72
LH:48
end_of_record
SF:lib/domain/entities/genre.dart
DA:4,14
DA:12,4
DA:13,12
LF:3
LH:3
end_of_record
SF:lib/domain/entities/movie.dart
DA:4,10
DA:20,2
DA:41,8
DA:42,8
DA:43,8
DA:44,8
DA:45,8
DA:46,8
DA:47,8
DA:48,8
DA:49,8
DA:50,8
DA:51,8
DA:52,8
DA:53,8
DA:54,8
DA:55,8
LF:17
LH:17
end_of_record
SF:lib/domain/entities/movie_detail.dart
DA:6,7
DA:34,2
DA:35,2
DA:36,2
DA:37,2
DA:38,2
DA:39,2
DA:40,2
DA:41,2
DA:42,2
DA:43,2
DA:44,2
DA:45,2
DA:46,2
LF:14
LH:14
end_of_record
SF:lib/domain/entities/tv_series.dart
DA:4,10
DA:20,2
DA:41,7
DA:42,7
DA:43,7
DA:44,7
DA:45,7
DA:46,7
DA:47,7
DA:48,7
DA:49,7
DA:50,7
DA:51,7
DA:52,7
DA:53,7
DA:54,7
DA:55,7
LF:17
LH:17
end_of_record
SF:lib/domain/entities/tv_series_detail.dart
DA:25,7
DA:45,2
DA:46,2
DA:47,2
DA:48,2
DA:49,2
DA:50,2
DA:51,2
DA:52,2
DA:53,2
DA:54,2
DA:55,2
DA:56,2
DA:57,2
DA:58,2
DA:59,2
DA:60,2
DA:61,2
DA:62,2
DA:63,2
LF:20
LH:20
end_of_record
SF:lib/domain/usecases/movie/get_movie_detail.dart
DA:11,1
DA:13,1
DA:14,2
LF:3
LH:3
end_of_record
SF:lib/domain/usecases/movie/get_movie_recommendations.dart
DA:11,1
DA:13,1
DA:14,2
LF:3
LH:3
end_of_record
SF:lib/domain/usecases/movie/get_now_playing_movies.dart
DA:11,1
DA:13,1
DA:14,2
LF:3
LH:3
end_of_record
SF:lib/domain/usecases/movie/get_popular_movies.dart
DA:11,1
DA:13,1
DA:14,2
LF:3
LH:3
end_of_record
SF:lib/domain/usecases/movie/get_top_rated_movies.dart
DA:11,1
DA:13,1
DA:14,2
LF:3
LH:3
end_of_record
SF:lib/domain/usecases/movie/get_watchlist_movies.dart
DA:11,1
DA:13,1
DA:14,2
LF:3
LH:3
end_of_record
SF:lib/domain/usecases/movie/get_watchlist_status.dart
DA:8,1
DA:10,1
DA:11,2
LF:3
LH:3
end_of_record
SF:lib/domain/usecases/movie/remove_watchlist.dart
DA:11,1
DA:13,1
DA:14,2
LF:3
LH:3
end_of_record
SF:lib/domain/usecases/movie/save_watchlist.dart
DA:11,1
DA:13,1
DA:14,2
LF:3
LH:3
end_of_record
SF:lib/domain/usecases/movie/search_movies.dart
DA:11,1
DA:13,1
DA:14,2
LF:3
LH:3
end_of_record
SF:lib/domain/usecases/tv_series/get_now_playing_tv_series.dart
DA:9,1
DA:11,1
DA:12,2
LF:3
LH:3
end_of_record
SF:lib/domain/usecases/tv_series/get_popular_tv_series.dart
DA:10,1
DA:12,1
DA:13,2
LF:3
LH:3
end_of_record
SF:lib/domain/usecases/tv_series/get_top_rated_tv_series.dart
DA:10,1
DA:12,1
DA:13,2
LF:3
LH:3
end_of_record
SF:lib/domain/usecases/tv_series/get_tv_series_detail.dart
DA:9,1
DA:11,1
DA:12,2
LF:3
LH:3
end_of_record
SF:lib/domain/usecases/tv_series/get_tv_series_recommend.dart
DA:9,1
DA:11,1
DA:12,2
LF:3
LH:3
end_of_record
SF:lib/domain/usecases/tv_series/get_watch_list_tv_series.dart
DA:9,1
DA:11,1
DA:12,2
LF:3
LH:3
end_of_record
SF:lib/domain/usecases/tv_series/get_watchlist_status_tv_series.dart
DA:7,1
DA:9,1
DA:10,2
LF:3
LH:3
end_of_record
SF:lib/domain/usecases/tv_series/remove_watchlist_tv_series.dart
DA:11,1
DA:13,1
DA:14,2
LF:3
LH:3
end_of_record
SF:lib/domain/usecases/tv_series/save_watchlist_tv_series.dart
DA:10,1
DA:12,1
DA:13,2
LF:3
LH:3
end_of_record
SF:lib/domain/usecases/tv_series/search_tv_series.dart
DA:9,1
DA:11,1
DA:12,2
LF:3
LH:3
end_of_record
SF:lib/presentation/bloc/bloc/detail_movie_state.dart
DA:6,1
DA:7,1
DA:11,1
DA:12,1
DA:18,1
DA:20,1
DA:21,1
DA:27,2
DA:29,1
DA:30,2
LF:10
LH:10
end_of_record
SF:lib/presentation/bloc/bloc/detail_movie_event.dart
DA:8,2
DA:10,1
DA:11,2
LF:3
LH:3
end_of_record
SF:lib/presentation/bloc/bloc/detail_movie_bloc.dart
DA:14,3
DA:15,2
DA:17,1
DA:18,2
DA:19,3
DA:21,1
DA:22,4
DA:23,3
LF:8
LH:8
end_of_record
SF:lib/presentation/bloc/bloc/movie_search_state.dart
DA:4,2
DA:6,1
DA:7,1
DA:18,2
DA:20,1
DA:21,2
DA:28,1
DA:30,1
DA:31,2
LF:9
LH:9
end_of_record
SF:lib/presentation/bloc/bloc/movie_search_bloc.dart
DA:12,1
DA:13,3
DA:18,3
DA:19,2
DA:21,1
DA:23,3
DA:25,1
DA:26,1
DA:27,3
DA:29,1
DA:30,2
DA:34,1
LF:12
LH:12
end_of_record
SF:lib/presentation/bloc/bloc/movie_search_event.dart
DA:4,1
DA:6,0
DA:7,0
DA:14,1
DA:16,0
DA:17,0
LF:6
LH:2
end_of_record
SF:lib/presentation/bloc/bloc/now_playing_movie_state.dart
DA:8,1
DA:9,1
DA:14,1
DA:15,1
DA:22,1
DA:24,1
DA:25,2
DA:32,2
DA:34,1
DA:35,2
LF:10
LH:10
end_of_record
SF:lib/presentation/bloc/bloc/now_playing_movie_event.dart
DA:7,1
DA:8,1
LF:2
LH:2
end_of_record
SF:lib/presentation/bloc/bloc/now_playing_movie_bloc.dart
DA:13,1
DA:14,2
DA:15,2
DA:17,2
DA:18,3
DA:20,1
DA:21,4
DA:22,2
DA:23,2
DA:24,2
LF:10
LH:10
end_of_record
SF:lib/presentation/bloc/bloc/popular_movie_state.dart
DA:8,1
DA:9,1
DA:14,1
DA:15,1
DA:23,1
DA:25,1
DA:26,2
DA:33,2
DA:35,1
DA:36,2
LF:10
LH:10
end_of_record
SF:lib/presentation/bloc/bloc/popular_movie_bloc.dart
DA:12,1
DA:13,2
DA:14,2
DA:16,2
DA:17,3
DA:19,1
DA:20,4
DA:21,2
DA:22,2
DA:23,2
LF:10
LH:10
end_of_record
SF:lib/presentation/bloc/bloc/popular_movie_event.dart
DA:10,0
DA:11,0
LF:2
LH:0
end_of_record
SF:lib/presentation/bloc/bloc/popular_tvseries_bloc.dart
DA:15,3
DA:16,2
DA:18,2
DA:20,3
DA:22,1
DA:24,4
DA:25,2
DA:27,2
DA:28,2
LF:9
LH:9
end_of_record
SF:lib/presentation/bloc/bloc/popular_tvseries_event.dart
DA:4,3
DA:6,0
DA:7,0
DA:12,0
DA:13,0
LF:5
LH:1
end_of_record
SF:lib/presentation/bloc/bloc/popular_tvseries_state.dart
DA:4,4
DA:6,1
DA:7,1
DA:17,2
DA:19,1
DA:20,2
DA:26,2
DA:28,1
DA:29,1
LF:9
LH:9
end_of_record
SF:lib/presentation/bloc/bloc/recommend_movie_state.dart
DA:7,1
DA:8,1
DA:13,1
DA:14,1
DA:20,1
DA:22,1
DA:23,2
DA:30,2
DA:31,1
DA:32,2
LF:10
LH:10
end_of_record
SF:lib/presentation/bloc/bloc/recommend_movie_event.dart
DA:8,2
DA:10,0
DA:11,0
LF:3
LH:1
end_of_record
SF:lib/presentation/bloc/bloc/recommend_movie_bloc.dart
DA:16,1
DA:17,2
DA:18,2
DA:19,1
DA:21,2
DA:22,3
DA:24,7
DA:25,2
DA:26,2
LF:9
LH:9
end_of_record
SF:lib/presentation/bloc/bloc/recommend_tvseries_state.dart
DA:9,1
DA:10,1
DA:15,1
DA:16,1
DA:22,1
DA:24,1
DA:25,2
DA:31,2
DA:33,1
DA:34,2
LF:10
LH:10
end_of_record
SF:lib/presentation/bloc/bloc/recommend_tvseries_event.dart
DA:8,2
DA:10,0
DA:11,0
LF:3
LH:1
end_of_record
SF:lib/presentation/bloc/bloc/recommend_tvseries_bloc.dart
DA:13,1
DA:14,2
DA:15,2
DA:16,1
DA:17,2
DA:18,3
DA:19,7
DA:20,2
DA:21,2
LF:9
LH:9
end_of_record
SF:lib/presentation/bloc/bloc/search_tv_series_event.dart
DA:4,1
DA:6,0
DA:7,0
DA:14,1
DA:16,0
DA:17,0
LF:6
LH:2
end_of_record
SF:lib/presentation/bloc/bloc/search_tv_series_state.dart
DA:4,2
DA:6,1
DA:7,1
DA:17,2
DA:19,1
DA:20,2
DA:26,1
DA:28,1
DA:29,2
LF:9
LH:9
end_of_record
SF:lib/presentation/bloc/bloc/search_tv_series_bloc.dart
DA:11,1
DA:12,3
DA:18,3
DA:19,1
DA:20,1
DA:21,1
DA:23,2
DA:25,3
DA:27,1
DA:28,1
DA:29,3
DA:31,1
DA:32,2
DA:37,1
LF:14
LH:14
end_of_record
SF:lib/presentation/bloc/bloc/top_rated_movie_state.dart
DA:6,1
DA:7,1
DA:11,1
DA:12,1
DA:18,1
DA:20,1
DA:21,2
DA:27,2
DA:29,1
DA:30,2
LF:10
LH:10
end_of_record
SF:lib/presentation/bloc/bloc/top_rated_movie_bloc.dart
DA:12,3
DA:13,2
DA:14,2
DA:15,3
DA:16,1
DA:17,4
DA:18,2
DA:19,2
DA:20,0
LF:9
LH:8
end_of_record
SF:lib/presentation/bloc/bloc/top_rated_movie_event.dart
DA:8,0
DA:9,0
LF:2
LH:0
end_of_record
SF:lib/presentation/bloc/bloc/top_rated_tv_series_state.dart
DA:8,1
DA:9,1
DA:13,1
DA:14,1
DA:20,1
DA:22,1
DA:23,2
DA:28,2
DA:30,1
DA:31,2
LF:10
LH:10
end_of_record
SF:lib/presentation/bloc/bloc/top_rated_tv_series_event.dart
DA:8,0
DA:9,0
LF:2
LH:0
end_of_record
SF:lib/presentation/bloc/bloc/top_rated_tv_series_bloc.dart
DA:13,3
DA:14,2
DA:15,2
DA:16,3
DA:17,1
DA:18,4
DA:19,2
DA:20,2
DA:21,2
LF:9
LH:9
end_of_record
SF:lib/presentation/bloc/bloc/tv_series_detail_event.dart
DA:7,2
DA:9,1
DA:10,2
LF:3
LH:3
end_of_record
SF:lib/presentation/bloc/bloc/tv_series_detail_state.dart
DA:6,1
DA:7,1
DA:11,1
DA:12,1
DA:18,2
DA:20,1
DA:21,2
DA:27,1
DA:29,1
DA:30,2
LF:10
LH:10
end_of_record
SF:lib/presentation/bloc/bloc/tv_series_detail_bloc.dart
DA:13,3
DA:14,2
DA:15,1
DA:17,2
DA:19,3
DA:21,5
DA:22,3
LF:7
LH:7
end_of_record
SF:lib/presentation/bloc/bloc/tv_series_now_playing_state.dart
DA:6,1
DA:7,1
DA:11,1
DA:12,1
DA:18,1
DA:20,1
DA:21,2
DA:27,2
DA:29,1
DA:30,2
LF:10
LH:10
end_of_record
SF:lib/presentation/bloc/bloc/tv_series_now_playing_event.dart
DA:6,1
DA:7,1
LF:2
LH:2
end_of_record
SF:lib/presentation/bloc/bloc/tv_series_now_playing_bloc.dart
DA:12,1
DA:13,2
DA:14,2
DA:15,2
DA:17,3
DA:19,1
DA:20,4
DA:21,2
DA:22,2
DA:23,2
LF:10
LH:10
end_of_record
SF:lib/presentation/bloc/bloc/watchlist_movie_event.dart
DA:8,1
DA:9,1
DA:15,1
DA:17,1
DA:18,2
DA:24,1
DA:26,1
DA:27,2
DA:33,1
DA:35,1
DA:36,2
LF:11
LH:11
end_of_record
SF:lib/presentation/bloc/bloc/watchlist_movie_state.dart
DA:7,1
DA:8,1
DA:13,1
DA:14,1
DA:20,1
DA:22,1
DA:23,2
DA:29,1
DA:31,1
DA:32,2
DA:38,2
DA:40,1
DA:41,2
DA:47,1
DA:49,1
DA:50,2
LF:16
LH:16
end_of_record
SF:lib/presentation/bloc/bloc/watchlist_movie_bloc.dart
DA:23,1
DA:26,2
DA:27,2
DA:28,2
DA:29,3
DA:30,1
DA:31,4
DA:32,2
DA:33,2
DA:34,2
DA:38,2
DA:40,1
DA:42,3
DA:44,2
DA:47,2
DA:48,1
DA:50,3
DA:52,1
DA:53,4
DA:54,2
DA:55,1
DA:61,2
DA:62,1
DA:64,3
DA:66,1
DA:67,4
DA:68,2
DA:69,1
LF:28
LH:28
end_of_record
SF:lib/presentation/bloc/bloc/watchlist_tv_series_event.dart
DA:7,1
DA:8,1
DA:14,2
DA:16,1
DA:17,2
DA:23,1
DA:25,1
DA:26,2
DA:32,1
DA:34,1
DA:35,2
LF:11
LH:11
end_of_record
SF:lib/presentation/bloc/bloc/watchlist_tv_series_state.dart
DA:9,1
DA:10,1
DA:15,1
DA:16,1
DA:22,1
DA:24,1
DA:25,2
DA:31,1
DA:33,1
DA:34,2
DA:40,2
DA:42,1
DA:43,2
DA:49,1
DA:51,1
DA:52,2
LF:16
LH:16
end_of_record
SF:lib/presentation/bloc/bloc/watchlist_tv_series_bloc.dart
DA:21,1
DA:27,2
DA:28,2
DA:29,2
DA:30,3
DA:31,1
DA:32,4
DA:33,2
DA:34,2
DA:35,0
DA:39,2
DA:41,1
DA:43,3
DA:45,2
DA:48,2
DA:49,1
DA:51,3
DA:53,1
DA:54,4
DA:55,2
DA:56,1
DA:62,2
DA:63,1
DA:65,3
DA:67,1
DA:68,4
DA:69,2
DA:70,1
LF:28
LH:27
end_of_record
SF:lib/presentation/pages/home_page.dart
DA:8,0
DA:9,0
DA:26,0
DA:27,0
DA:28,0
DA:51,0
DA:53,0
DA:54,0
DA:55,0
DA:56,0
DA:58,0
DA:59,0
LF:12
LH:0
end_of_record
SF:lib/presentation/pages/movie_page/home_movie_page.dart
DA:16,54
DA:17,1
DA:18,1
DA:22,1
DA:24,1
DA:25,2
DA:26,4
DA:27,4
DA:28,4
DA:32,1
DA:34,1
DA:35,1
DA:37,1
DA:38,1
DA:39,0
DA:40,0
DA:46,1
DA:48,1
DA:49,1
DA:51,1
DA:52,1
DA:54,1
DA:56,1
DA:57,1
DA:58,1
DA:62,1
DA:63,1
DA:64,1
DA:69,1
DA:71,0
DA:72,0
DA:74,1
DA:75,1
DA:76,1
DA:80,1
DA:81,2
DA:86,1
DA:88,0
DA:89,0
DA:91,1
DA:92,1
DA:93,1
DA:97,1
DA:98,2
DA:110,1
DA:111,1
DA:113,1
DA:114,1
DA:116,1
DA:118,1
DA:120,1
DA:122,1
DA:135,1
DA:137,1
DA:139,1
DA:141,1
DA:143,1
DA:144,2
DA:145,1
DA:147,1
DA:148,0
DA:149,0
DA:152,0
DA:155,1
DA:157,1
DA:158,2
DA:159,1
DA:162,0
DA:168,2
LF:69
LH:59
end_of_record
SF:lib/presentation/pages/movie_page/movie_detail_page.dart
DA:20,1
DA:22,1
DA:23,1
DA:27,1
DA:29,1
DA:30,2
DA:31,6
DA:32,6
DA:33,4
DA:38,1
DA:41,2
DA:42,2
DA:43,2
DA:47,2
DA:48,1
DA:49,1
DA:53,1
DA:54,1
DA:55,1
DA:56,1
DA:70,1
DA:72,1
DA:73,1
DA:77,1
DA:79,3
DA:80,1
DA:81,1
DA:82,1
DA:83,4
DA:85,1
DA:88,0
DA:90,1
DA:92,1
DA:93,1
DA:94,1
DA:104,1
DA:105,1
DA:106,1
DA:108,1
DA:110,1
DA:112,1
DA:113,1
DA:114,3
DA:115,1
DA:117,1
DA:118,0
DA:119,0
DA:120,0
DA:121,0
DA:123,0
DA:124,0
DA:133,0
DA:134,0
DA:136,0
DA:137,0
DA:138,0
DA:142,0
DA:147,0
DA:148,0
DA:149,0
DA:150,0
DA:151,0
DA:156,0
DA:158,0
DA:159,0
DA:160,0
DA:164,0
DA:165,0
DA:166,0
DA:169,1
DA:171,1
DA:172,2
DA:179,1
DA:180,4
DA:182,1
DA:183,4
DA:185,1
DA:186,1
DA:187,1
DA:188,4
DA:190,1
DA:196,5
DA:200,1
DA:202,1
DA:204,1
DA:205,3
DA:208,1
DA:210,1
DA:212,1
DA:214,1
DA:215,1
DA:219,1
DA:220,0
DA:221,1
DA:222,1
DA:223,1
DA:225,1
DA:227,1
DA:229,1
DA:230,1
DA:232,1
DA:233,0
DA:234,0
DA:237,0
DA:240,1
DA:244,1
DA:246,2
DA:247,1
DA:253,0
DA:260,1
DA:264,0
DA:272,1
DA:274,1
DA:289,1
DA:291,1
DA:294,1
DA:296,0
DA:297,0
DA:306,1
DA:308,2
DA:309,3
DA:312,1
DA:316,3
DA:319,1
DA:320,1
DA:321,1
DA:323,1
DA:324,1
DA:326,0
LF:129
LH:95
end_of_record
SF:lib/presentation/pages/movie_page/popular_movies_page.dart
DA:12,1
DA:13,1
DA:17,1
DA:19,1
DA:20,1
DA:21,5
DA:24,1
DA:26,1
DA:27,1
DA:30,1
DA:32,1
DA:33,1
DA:34,1
DA:38,0
DA:39,0
DA:40,0
DA:41,0
DA:42,0
DA:43,0
DA:45,0
DA:48,0
DA:50,0
LF:22
LH:13
end_of_record
SF:lib/presentation/pages/movie_page/top_rated_movies_page.dart
DA:10,1
DA:12,1
DA:13,1
DA:17,1
DA:19,1
DA:20,6
DA:23,1
DA:25,1
DA:26,1
DA:29,1
DA:31,1
DA:32,1
DA:34,1
DA:39,0
DA:40,0
DA:41,0
DA:42,0
DA:43,0
DA:44,0
DA:47,0
DA:50,0
DA:52,0
LF:22
LH:13
end_of_record
SF:lib/presentation/pages/search_page.dart
DA:15,0
DA:17,0
DA:18,0
DA:21,0
DA:23,0
DA:25,0
DA:26,0
DA:27,0
DA:28,0
DA:38,0
DA:40,0
DA:42,0
DA:43,0
DA:44,0
DA:48,0
DA:49,0
DA:50,0
DA:51,0
DA:53,0
DA:54,0
DA:55,0
DA:57,0
DA:61,0
DA:62,0
LF:24
LH:0
end_of_record
SF:lib/presentation/pages/search_page_tv.dart
DA:13,0
DA:15,0
DA:16,0
DA:19,0
DA:21,0
DA:23,0
DA:24,0
DA:25,0
DA:27,0
DA:28,0
DA:38,0
DA:40,0
DA:42,0
DA:43,0
DA:44,0
DA:48,0
DA:49,0
DA:50,0
DA:51,0
DA:53,0
DA:54,0
DA:55,0
DA:57,0
DA:61,0
DA:62,0
LF:25
LH:0
end_of_record
SF:lib/presentation/pages/watchlist.dart
DA:9,0
DA:10,0
DA:14,0
DA:16,0
DA:17,0
DA:20,0
DA:21,0
DA:22,0
DA:24,0
DA:26,0
DA:27,0
DA:30,0
DA:32,0
DA:34,0
DA:35,0
DA:43,0
DA:44,0
DA:46,0
DA:47,0
DA:49,0
DA:51,0
DA:53,0
DA:55,0
LF:23
LH:0
end_of_record
SF:lib/presentation/pages/watchlist_movies_page.dart
DA:13,0
DA:14,0
DA:19,0
DA:21,0
DA:22,0
DA:23,0
DA:26,0
DA:28,0
DA:29,0
DA:32,0
DA:34,0
DA:37,0
DA:39,0
DA:40,0
DA:43,0
DA:45,0
DA:46,0
DA:47,0
DA:51,0
DA:53,0
DA:54,0
DA:55,0
DA:56,0
DA:57,0
DA:59,0
DA:74,0
DA:76,0
DA:77,0
LF:28
LH:0
end_of_record
SF:lib/presentation/pages/watchlist_tv_series_page.dart
DA:11,0
DA:12,0
DA:17,0
DA:19,0
DA:20,0
DA:21,0
DA:25,0
DA:27,0
DA:28,0
DA:31,0
DA:33,0
DA:36,0
DA:38,0
DA:39,0
DA:42,0
DA:44,0
DA:45,0
DA:46,0
DA:50,0
DA:51,0
DA:52,0
DA:53,0
DA:54,0
DA:55,0
DA:57,0
DA:71,0
DA:73,0
DA:74,0
LF:28
LH:0
end_of_record
SF:lib/presentation/widgets/movie_card_list.dart
DA:11,0
DA:13,0
DA:15,0
DA:17,0
DA:18,0
DA:19,0
DA:22,0
DA:25,0
DA:27,0
DA:28,0
DA:29,0
DA:35,0
DA:37,0
DA:38,0
DA:39,0
DA:42,0
DA:45,0
DA:46,0
DA:54,0
DA:59,0
DA:61,0
DA:62,0
DA:64,0
DA:67,0
LF:24
LH:0
end_of_record
SF:lib/presentation/widgets/tv_series_card_list.dart
DA:12,0
DA:14,0
DA:16,0
DA:18,0
DA:19,0
DA:20,0
DA:23,0
DA:26,0
DA:28,0
DA:29,0
DA:30,0
DA:36,0
DA:38,0
DA:39,0
DA:40,0
DA:43,0
DA:46,0
DA:47,0
DA:55,0
DA:60,0
DA:62,0
DA:63,0
DA:65,0
DA:68,0
LF:24
LH:0
end_of_record
SF:lib/utils/ssl.dart
DA:7,0
DA:8,0
DA:9,0
DA:10,0
DA:15,0
DA:16,0
DA:17,0
DA:18,0
DA:19,0
DA:21,0
LF:10
LH:0
end_of_record
SF:lib/presentation/pages/tv_series_page/tv_series_page.dart
DA:17,1
DA:18,1
DA:22,1
DA:24,1
DA:25,2
DA:26,4
DA:27,4
DA:28,4
DA:32,1
DA:34,1
DA:35,1
DA:37,1
DA:38,1
DA:39,0
DA:40,0
DA:46,1
DA:48,1
DA:49,1
DA:51,1
DA:52,1
DA:54,1
DA:56,1
DA:57,1
DA:58,1
DA:62,1
DA:63,1
DA:64,1
DA:69,1
DA:71,0
DA:74,1
DA:75,1
DA:76,1
DA:80,1
DA:81,1
DA:82,1
DA:87,1
DA:89,0
DA:90,0
DA:92,1
DA:93,1
DA:94,1
DA:98,1
DA:99,1
DA:100,1
DA:112,1
DA:113,1
DA:115,1
DA:116,1
DA:118,1
DA:120,1
DA:122,1
DA:124,1
DA:137,1
DA:139,1
DA:141,1
DA:143,1
DA:145,1
DA:146,2
DA:147,1
DA:149,1
DA:150,0
DA:151,0
DA:154,0
DA:157,1
DA:159,1
DA:160,2
DA:161,1
DA:164,0
DA:170,2
LF:69
LH:60
end_of_record
SF:lib/presentation/pages/tv_series_page/popular_tv_series.dart
DA:10,1
DA:11,1
DA:15,1
DA:17,1
DA:18,2
DA:19,4
DA:23,1
DA:25,1
DA:26,1
DA:29,1
DA:31,1
DA:32,1
DA:33,1
DA:37,0
DA:38,0
DA:39,0
DA:40,0
DA:41,0
DA:42,0
DA:44,0
DA:47,0
DA:49,0
LF:22
LH:13
end_of_record
SF:lib/presentation/pages/tv_series_page/top_rated_tv_series_page.dart
DA:8,1
DA:10,1
DA:11,1
DA:15,1
DA:17,1
DA:18,2
DA:19,4
DA:23,1
DA:25,1
DA:26,1
DA:29,1
DA:31,1
DA:32,1
DA:33,1
DA:37,0
DA:38,0
DA:39,0
DA:40,0
DA:41,0
DA:42,0
DA:44,0
DA:47,0
DA:49,0
LF:23
LH:14
end_of_record
SF:lib/presentation/pages/tv_series_page/tv_series_detail_page.dart
DA:17,1
DA:19,1
DA:20,1
DA:24,1
DA:26,1
DA:27,2
DA:28,6
DA:29,1
DA:30,1
DA:31,4
DA:32,1
DA:33,1
DA:34,4
DA:38,1
DA:41,2
DA:42,2
DA:43,2
DA:47,1
DA:48,1
DA:49,1
DA:50,1
DA:54,1
DA:55,1
DA:56,1
DA:57,1
DA:75,2
DA:77,1
DA:78,1
DA:82,1
DA:84,3
DA:85,1
DA:86,1
DA:87,1
DA:89,4
DA:91,1
DA:94,0
DA:96,1
DA:98,1
DA:99,1
DA:100,1
DA:110,1
DA:111,1
DA:112,1
DA:114,1
DA:116,1
DA:118,1
DA:119,1
DA:120,3
DA:121,1
DA:123,1
DA:124,0
DA:125,0
DA:126,0
DA:127,0
DA:129,0
DA:130,0
DA:131,0
DA:133,0
DA:141,0
DA:143,0
DA:145,0
DA:146,0
DA:147,0
DA:151,0
DA:155,0
DA:156,0
DA:157,0
DA:158,0
DA:159,0
DA:164,0
DA:166,0
DA:167,0
DA:168,0
DA:172,0
DA:173,0
DA:174,0
DA:177,1
DA:179,1
DA:180,2
DA:187,1
DA:188,5
DA:190,1
DA:191,1
DA:192,1
DA:193,4
DA:195,1
DA:201,5
DA:205,1
DA:207,1
DA:209,1
DA:210,3
DA:213,1
DA:215,1
DA:217,1
DA:219,1
DA:220,1
DA:224,1
DA:225,0
DA:226,1
DA:227,1
DA:228,1
DA:230,1
DA:232,1
DA:233,1
DA:234,1
DA:236,1
DA:237,0
DA:238,0
DA:241,0
DA:244,1
DA:249,1
DA:251,2
DA:252,1
DA:258,0
DA:265,1
DA:269,0
DA:277,1
DA:279,1
DA:294,1
DA:296,1
DA:299,1
DA:301,0
DA:302,0
DA:311,1
DA:312,1
DA:313,1
DA:315,1
DA:316,1
DA:318,0
LF:129
LH:93
end_of_record
